
  [32m[1mVITE[22m v5.4.21[39m  [2mready in [0m[1m4135[22m[2m[0m ms[22m

  [32m➜[39m  [1mLocal[22m:   [36mhttp://127.0.0.1:[1m5173[22m/[39m
[2m12:31:52 pm[22m [36m[1m[vite][22m[39m [32mhmr update [39m[2m/src/pages/Dashboard.jsx, /src/styles.css[22m
[2m12:32:05 pm[22m [36m[1m[vite][22m[39m [32mhmr update [39m[2m/src/pages/Analytics.jsx, /src/styles.css[22m
[2m12:36:24 pm[22m [36m[1m[vite][22m[39m [32mhmr update [39m[2m/src/pages/Dashboard.jsx, /src/styles.css, /src/pages/Analytics.jsx[22m
[2m12:36:26 pm[22m [36m[1m[vite][22m[39m [32m✨ new dependencies optimized: [33msocket.io-client[32m[39m
[2m12:36:26 pm[22m [36m[1m[vite][22m[39m [32m✨ optimized dependencies changed. reloading[39m
[2m12:37:00 pm[22m [36m[1m[vite][22m[39m [32m.env changed, restarting server...[39m
[2m12:37:00 pm[22m [36m[1m[vite][22m[39m server restarted.
[2m12:41:23 pm[22m [36m[1m[vite][22m[39m [32mhmr update [39m[2m/src/styles.css, /src/pages/Analytics.jsx, /src/pages/Dashboard.jsx[22m
[2m12:41:32 pm[22m [36m[1m[vite][22m[39m [32mhmr update [39m[2m/src/pages/Dashboard.jsx, /src/styles.css[22m
[2m12:43:23 pm[22m [36m[1m[vite][22m[39m [32mhmr update [39m[2m/src/pages/Dashboard.jsx, /src/styles.css[22m
[2m12:49:07 pm[22m [36m[1m[vite][22m[39m [32mhmr update [39m[2m/src/components/UrlCard.jsx, /src/styles.css[22m
[2m12:49:19 pm[22m [36m[1m[vite][22m[39m [32mhmr update [39m[2m/src/components/UrlCard.jsx[22m
[2m12:49:34 pm[22m [36m[1m[vite][22m[39m [32mhmr update [39m[2m/src/pages/Dashboard.jsx, /src/styles.css[22m
[2m12:49:45 pm[22m [36m[1m[vite][22m[39m [32mhmr update [39m[2m/src/pages/Dashboard.jsx[22m
[2m12:51:25 pm[22m [36m[1m[vite][22m[39m [32mhmr update [39m[2m/src/pages/Analytics.jsx, /src/styles.css[22m
[2m12:51:40 pm[22m [36m[1m[vite][22m[39m [32mhmr update [39m[2m/src/pages/Analytics.jsx[22m
[2m12:52:51 pm[22m [36m[1m[vite][22m[39m [32mhmr update [39m[2m/src/pages/Login.jsx, /src/styles.css[22m
[2m12:52:59 pm[22m [36m[1m[vite][22m[39m [32mhmr update [39m[2m/src/pages/Login.jsx[22m
[2m12:53:10 pm[22m [36m[1m[vite][22m[39m [32mhmr update [39m[2m/src/pages/Signup.jsx, /src/styles.css[22m
[2m12:53:18 pm[22m [36m[1m[vite][22m[39m [32mhmr update [39m[2m/src/pages/Signup.jsx[22m
[2m1:37:43 pm[22m [36m[1m[vite][22m[39m [32mhmr update [39m[2m/src/pages/Dashboard.jsx, /src/styles.css[22m
[2m1:38:24 pm[22m [36m[1m[vite][22m[39m [32mhmr update [39m[2m/src/components/UrlCard.jsx, /src/styles.css[22m
[2m1:39:17 pm[22m [36m[1m[vite][22m[39m [32mhmr update [39m[2m/src/pages/Analytics.jsx, /src/styles.css[22m
[2m1:42:12 pm[22m [36m[1m[vite][22m[39m [32mpage reload [39m[2msrc/api/socket.js[22m
[2m2:10:31 pm[22m [36m[1m[vite][22m[39m [32mhmr update [39m[2m/src/pages/Dashboard.jsx, /src/styles.css[22m
[2m2:10:39 pm[22m [36m[1m[vite][22m[39m [32mhmr update [39m[2m/src/pages/Dashboard.jsx[22m
[2m2:10:51 pm[22m [36m[1m[vite][22m[39m [32mhmr update [39m[2m/src/components/UrlCard.jsx, /src/styles.css[22m
[2m2:11:00 pm[22m [36m[1m[vite][22m[39m [32mhmr update [39m[2m/src/components/UrlCard.jsx, /src/App.jsx, /src/styles.css[22m
[2m2:12:23 pm[22m [36m[1m[vite][22m[39m [32mhmr update [39m[2m/src/pages/Analytics.jsx, /src/styles.css[22m
[2m2:12:32 pm[22m [36m[1m[vite][22m[39m [32mhmr update [39m[2m/src/pages/Analytics.jsx, /src/App.jsx, /src/styles.css[22m
[2m2:12:43 pm[22m [36m[1m[vite][22m[39m [32mhmr update [39m[2m/src/pages/Login.jsx, /src/styles.css[22m
[2m2:12:52 pm[22m [36m[1m[vite][22m[39m [32mhmr update [39m[2m/src/pages/Login.jsx, /src/App.jsx, /src/styles.css[22m
[2m2:13:03 pm[22m [36m[1m[vite][22m[39m [32mhmr update [39m[2m/src/pages/Signup.jsx, /src/styles.css[22m
[2m2:13:11 pm[22m [36m[1m[vite][22m[39m [32mhmr update [39m[2m/src/pages/Signup.jsx, /src/App.jsx, /src/styles.css[22m
[2m2:14:25 pm[22m [36m[1m[vite][22m[39m [32mhmr update [39m[2m/src/App.jsx, /src/styles.css[22m
[2m2:14:44 pm[22m [36m[1m[vite][22m[39m [32mpage reload [39m[2msrc/api/socket.js[22m
